C51 COMPILER V9.54   FUNC                                                                  11/09/2025 19:48:27 PAGE 1   


C51 COMPILER V9.54, COMPILATION OF MODULE FUNC
OBJECT MODULE PLACED IN .\Objects\func.obj
COMPILER INVOKED BY: C:\Keil_v5\C51\BIN\C51.EXE func.c OPTIMIZE(8,SPEED) BROWSE DEBUG OBJECTEXTEND PRINT(.\Listings\func
                    -.lst) TABS(2) OBJECT(.\Objects\func.obj)

line level    source

   1          #include <REGX52.H>
   2          #include <INTRINS.H>
   3          #include "func.h"
   4          
   5          
   6          void Delay500ms()   //@12.000MHz
   7          {
   8   1        unsigned char i, j, k;
   9   1      
  10   1        _nop_();
  11   1        i = 4;
  12   1        j = 205;
  13   1        k = 187;
  14   1        do
  15   1        {
  16   2          do
  17   2          {
  18   3            while (--k);
  19   3          } while (--j);
  20   2        } while (--i);
  21   1      }
  22          
  23          void Delay(unsigned int xms)
  24          {
  25   1          Delay1ms(xms);
  26   1      
  27   1      }
  28          
  29          //@12.000MHz
  30          void Delay1ms(unsigned int xms)
  31          {
  32   1          unsigned char i, j;
  33   1        while(xms)
  34   1        {
  35   2          i = 2;
  36   2          j = 239;
  37   2          do
  38   2          {
  39   3            while (--j);
  40   3          } while (--i);
  41   2          xms--;
  42   2        }
  43   1      
  44   1      }
  45          
  46          //数码管显示子函数
  47          void Nixie(unsigned char Location,Number)
  48          {
  49   1          //数码管段码表
  50   1          //63 6 91
  51   1          //重点，这个记录一下，数码管 7位+1个小数点位,正好8位. 
  52   1          //0= 0x3F (为什么是这个值，查一下 数码管 段码表 就知道)
  53   1          //1= 0x06 
  54   1          //所以,第2个数码管显示。 P2_4=1;P2_3=1;P2_2=0; 这三个位控制位置
C51 COMPILER V9.54   FUNC                                                                  11/09/2025 19:48:27 PAGE 2   

  55   1          //显示3, 给 P0 赋值 NixieTable[3] 即可
  56   1          unsigned char NixieTable[]={0x3F,0x06,0x5B,0x4F,0x66,0x6D,0x7D,0x07,0x7F,0x6F};
  57   1      
  58   1      
  59   1      
  60   1        switch(Location)    //位码输出
  61   1        {
  62   2          case 1:P2_4=1;P2_3=1;P2_2=1;break;
  63   2          case 2:P2_4=1;P2_3=1;P2_2=0;break;
  64   2          case 3:P2_4=1;P2_3=0;P2_2=1;break;
  65   2          case 4:P2_4=1;P2_3=0;P2_2=0;break;
  66   2          case 5:P2_4=0;P2_3=1;P2_2=1;break;
  67   2          case 6:P2_4=0;P2_3=1;P2_2=0;break;
  68   2          case 7:P2_4=0;P2_3=0;P2_2=1;break;
  69   2          case 8:P2_4=0;P2_3=0;P2_2=0;break;
  70   2        }
  71   1        P0=NixieTable[Number];  //段码输出
  72   1          Delay(1);       //显示一段时间
  73   1        P0=0x00;        //段码清0，消影
  74   1      }


MODULE INFORMATION:   STATIC OVERLAYABLE
   CODE SIZE        =    173    ----
   CONSTANT SIZE    =     10    ----
   XDATA SIZE       =   ----    ----
   PDATA SIZE       =   ----    ----
   DATA SIZE        =   ----      13
   IDATA SIZE       =   ----    ----
   BIT SIZE         =   ----    ----
END OF MODULE INFORMATION.


C51 COMPILATION COMPLETE.  0 WARNING(S),  0 ERROR(S)
