C51 COMPILER V9.54   MATRIXKEY                                                             11/10/2025 21:27:44 PAGE 1   


C51 COMPILER V9.54, COMPILATION OF MODULE MATRIXKEY
OBJECT MODULE PLACED IN .\Objects\MatrixKey.obj
COMPILER INVOKED BY: C:\Keil_v5\C51\BIN\C51.EXE MatrixKey.c OPTIMIZE(8,SPEED) BROWSE DEBUG OBJECTEXTEND PRINT(.\Listings
                    -\MatrixKey.lst) TABS(2) OBJECT(.\Objects\MatrixKey.obj)

line level    source

   1          #include <REGX52.H>
   2          #include "func.h"
   3          
   4          /**
   5            * @brief  çŸ©é˜µé”®ç›˜è¯»å–æŒ‰é”®é”®ç 
   6            * @param  æ— 
   7            * @retval KeyNumber æŒ‰ä¸‹æŒ‰é”®çš„é”®ç å€¼
   8                å¦‚æœæŒ‰é”®æŒ‰ä¸‹ä¸æ”¾ï¼Œç¨‹åºä¼šåœç•™åœ¨æ­¤å‡½æ•°ï¼Œæ¾æ‰‹çš„ä¸€ç¬é—´ï¼Œè¿”å›æŒ‰é”®é”®ç ï¼Œæ²¡æ
             -œ‰æŒ‰é”®æŒ‰ä¸‹æ—¶ï¼Œè¿”å›0
   9          
  10          
  11              è¯»ä¸€ä¸‹ å‚è€ƒæ–‡æ¡£, é‡Œå¤´æœ‰ç›¸å…³ä»‹ç»ï¼Œè¯´ P1_0 ~ P1_3 æ§åˆ¶è¡Œï¼Œä½ç”µå¹³æœ‰æ•ˆ
  12                                             P1_4 ~ P1_7 æ§åˆ¶åˆ—ï¼Œä½ç”µå¹³æœ‰æ•ˆ
  13            */
  14          unsigned char MatrixKey()
  15          {
  16   1        unsigned char KeyNumber=0;
  17   1        
  18   1        P1=0xFF;
  19   1        P1_3=0;
  20   1        if(P1_7==0){Delay(20);while(P1_7==0);Delay(20);KeyNumber=1;}
  21   1        if(P1_6==0){Delay(20);while(P1_6==0);Delay(20);KeyNumber=5;}
  22   1        if(P1_5==0){Delay(20);while(P1_5==0);Delay(20);KeyNumber=9;}
  23   1        if(P1_4==0){Delay(20);while(P1_4==0);Delay(20);KeyNumber=13;}
  24   1        
  25   1        P1=0xFF;
  26   1        P1_2=0;
  27   1        if(P1_7==0){Delay(20);while(P1_7==0);Delay(20);KeyNumber=2;}
  28   1        if(P1_6==0){Delay(20);while(P1_6==0);Delay(20);KeyNumber=6;}
  29   1        if(P1_5==0){Delay(20);while(P1_5==0);Delay(20);KeyNumber=10;}
  30   1        if(P1_4==0){Delay(20);while(P1_4==0);Delay(20);KeyNumber=14;}
  31   1        
  32   1        P1=0xFF;
  33   1        P1_1=0;
  34   1        if(P1_7==0){Delay(20);while(P1_7==0);Delay(20);KeyNumber=3;}
  35   1        if(P1_6==0){Delay(20);while(P1_6==0);Delay(20);KeyNumber=7;}
  36   1        if(P1_5==0){Delay(20);while(P1_5==0);Delay(20);KeyNumber=11;}
  37   1        if(P1_4==0){Delay(20);while(P1_4==0);Delay(20);KeyNumber=15;}
  38   1        
  39   1        P1=0xFF;
  40   1        P1_0=0;
  41   1        if(P1_7==0){Delay(20);while(P1_7==0);Delay(20);KeyNumber=4;}
  42   1        if(P1_6==0){Delay(20);while(P1_6==0);Delay(20);KeyNumber=8;}
  43   1        if(P1_5==0){Delay(20);while(P1_5==0);Delay(20);KeyNumber=12;}
  44   1        if(P1_4==0){Delay(20);while(P1_4==0);Delay(20);KeyNumber=16;}
  45   1        
  46   1        return KeyNumber;
  47   1      }


MODULE INFORMATION:   STATIC OVERLAYABLE
   CODE SIZE        =    393    ----
   CONSTANT SIZE    =   ----    ----
   XDATA SIZE       =   ----    ----
C51 COMPILER V9.54   MATRIXKEY                                                             11/10/2025 21:27:44 PAGE 2   

   PDATA SIZE       =   ----    ----
   DATA SIZE        =   ----       1
   IDATA SIZE       =   ----    ----
   BIT SIZE         =   ----    ----
END OF MODULE INFORMATION.


C51 COMPILATION COMPLETE.  0 WARNING(S),  0 ERROR(S)
